Arguments: 
  /usr/local/bin/node /opt/homebrew/Cellar/yarn/1.22.19/libexec/bin/yarn.js add googleapis@39

PATH: 
  /opt/homebrew/bin:/Library/Frameworks/Python.framework/Versions/2.7/bin:/usr/local/bin:/System/Cryptexes/App/usr/bin:/usr/bin:/bin:/usr/sbin:/sbin:/Library/Apple/usr/bin:/opt/homebrew/bin:/Library/Frameworks/Python.framework/Versions/2.7/bin:/Applications/Visual Studio Code.app/Contents/Resources/app/bin:/Applications/Visual Studio Code.app/Contents/Resources/app/bin

Yarn version: 
  1.22.19

Node version: 
  14.17.5

Platform: 
  darwin x64

Trace: 
  Error: connect ECONNREFUSED 104.16.27.35:443
      at TCPConnectWrap.afterConnect [as oncomplete] (net.js:1148:16)

npm manifest: 
  {
    "name": "gmail-autoreply",
    "version": "1.0.0",
    "description": "",
    "main": "index.js",
    "scripts": {
      "test": "nodemon index.js"
    },
    "repository": {
      "type": "git",
      "url": "git+https://github.com/manavdoda7/gmail-autoreply.git"
    },
    "author": "manavdoda7",
    "license": "MIT",
    "bugs": {
      "url": "https://github.com/manavdoda7/gmail-autoreply/issues"
    },
    "homepage": "https://github.com/manavdoda7/gmail-autoreply#readme",
    "dependencies": {
      "@google-cloud/local-auth": "^2.1.0",
      "axios": "^1.3.3",
      "cookie-session": "^2.0.0",
      "express": "^4.18.2",
      "googleapis": "^105.0.0",
      "passport": "^0.5.3",
      "passport-google-oauth2": "^0.2.0",
      "yarn": "^1.22.19"
    }
  }

yarn manifest: 
  No manifest

Lockfile: 
  No lockfile
